0 info it worked if it ends with ok
1 verbose cli [ 'C:\\Program Files (x86)\\JXcore\\bin\\node.exe',
1 verbose cli   'C:\\Users\\emmanuel\\.jx\\npm',
1 verbose cli   'install',
1 verbose cli   '-g',
1 verbose cli   'tasks' ]
2 info using npm@1.4.14
3 info using node@v0.10.31
4 info using jxcore@v Beta-0.2.3.2
5 verbose cache add [ 'tasks', null ]
6 verbose cache add name=undefined spec="tasks" args=["tasks",null]
7 verbose parsed url { protocol: null,
7 verbose parsed url   slashes: null,
7 verbose parsed url   auth: null,
7 verbose parsed url   host: null,
7 verbose parsed url   port: null,
7 verbose parsed url   hostname: null,
7 verbose parsed url   hash: null,
7 verbose parsed url   search: null,
7 verbose parsed url   query: null,
7 verbose parsed url   pathname: 'tasks',
7 verbose parsed url   path: 'tasks',
7 verbose parsed url   href: 'tasks' }
8 silly lockFile 55d8727a-tasks tasks
9 verbose lock tasks C:\Users\emmanuel\AppData\Roaming\npm-cache\55d8727a-tasks.lock
10 silly lockFile 55d8727a-tasks tasks
11 silly lockFile 55d8727a-tasks tasks
12 verbose addNamed [ 'tasks', '' ]
13 verbose addNamed [ null, '*' ]
14 silly lockFile 31586f72-tasks tasks@
15 verbose lock tasks@ C:\Users\emmanuel\AppData\Roaming\npm-cache\31586f72-tasks.lock
16 silly addNameRange { name: 'tasks', range: '*', hasData: false }
17 verbose url raw tasks
18 verbose url resolving [ 'https://registry.npmjs.org/', './tasks' ]
19 verbose url resolved https://registry.npmjs.org/tasks
20 info trying registry request attempt 1 at 16:46:34
21 verbose etag "1D9FF5K99OCL5QALERYF9YLG9"
22 http GET https://registry.npmjs.org/tasks
23 http 304 https://registry.npmjs.org/tasks
24 silly registry.get cb [ 304,
24 silly registry.get   { date: 'Tue, 09 Sep 2014 14:46:38 GMT',
24 silly registry.get     server: 'Apache',
24 silly registry.get     via: '1.1 varnish',
24 silly registry.get     'last-modified': 'Tue, 09 Sep 2014 14:46:38 GMT',
24 silly registry.get     'cache-control': 'max-age=60',
24 silly registry.get     etag: '"1D9FF5K99OCL5QALERYF9YLG9"',
24 silly registry.get     'x-served-by': 'cache-fra1232-FRA',
24 silly registry.get     'x-cache': 'HIT',
24 silly registry.get     'x-cache-hits': '1',
24 silly registry.get     'x-timer': 'S1410273998.385944,VS0,VE106',
24 silly registry.get     vary: 'Accept',
24 silly registry.get     'content-length': '0',
24 silly registry.get     'keep-alive': 'timeout=10, max=50',
24 silly registry.get     connection: 'Keep-Alive' } ]
25 verbose etag tasks from cache
26 silly addNameRange number 2 { name: 'tasks', range: '*', hasData: true }
27 silly addNameRange versions [ 'tasks', [ '0.0.1', '0.0.3' ] ]
28 verbose addNamed [ 'tasks', '0.0.3' ]
29 verbose addNamed [ '0.0.3', '0.0.3' ]
30 silly lockFile 44c4efca-tasks-0-0-3 tasks@0.0.3
31 verbose lock tasks@0.0.3 C:\Users\emmanuel\AppData\Roaming\npm-cache\44c4efca-tasks-0-0-3.lock
32 silly lockFile 44c4efca-tasks-0-0-3 tasks@0.0.3
33 silly lockFile 44c4efca-tasks-0-0-3 tasks@0.0.3
34 silly lockFile 31586f72-tasks tasks@
35 silly lockFile 31586f72-tasks tasks@
36 silly resolved [ { name: 'tasks',
36 silly resolved     description: 'Queue-based execution and eventing for tasks (ala GCD)',
36 silly resolved     version: '0.0.3',
36 silly resolved     keywords: [ 'dispatch', 'queues', 'tasks', 'gcd', 'job queue', 'flow' ],
36 silly resolved     maintainers: [ [Object] ],
36 silly resolved     repositories: [ [Object] ],
36 silly resolved     licenses: [ [Object] ],
36 silly resolved     directories: { lib: 'lib' },
36 silly resolved     _id: 'tasks@0.0.3',
36 silly resolved     engines: { node: '*' },
36 silly resolved     _nodeSupported: true,
36 silly resolved     _npmVersion: '0.2.7-3',
36 silly resolved     _nodeVersion: 'v0.2.4',
36 silly resolved     dist:
36 silly resolved      { tarball: 'http://registry.npmjs.org/tasks/-/tasks-0.0.3.tgz',
36 silly resolved        shasum: 'f94f13270edbca7673d06102ba28901290987dc4' },
36 silly resolved     _shasum: 'f94f13270edbca7673d06102ba28901290987dc4',
36 silly resolved     _from: 'tasks@',
36 silly resolved     _resolved: 'https://registry.npmjs.org/tasks/-/tasks-0.0.3.tgz',
36 silly resolved     repository: { type: 'git', url: 'http://github.com/skylar/dispatch' },
36 silly resolved     bugs: { url: 'https://github.com/skylar/dispatch/issues' },
36 silly resolved     readme: 'ERROR: No README data found!',
36 silly resolved     homepage: 'https://github.com/skylar/dispatch' } ]
37 info install tasks@0.0.3 into C:\Program Files (x86)\JXcore
38 info installOne tasks@0.0.3
39 info C:\Program Files (x86)\JXcore\node_modules\tasks unbuild
40 verbose tar unpack C:\Users\emmanuel\AppData\Roaming\npm-cache\tasks\0.0.3\package.tgz
41 silly lockFile 8cf02bde-es-x86-JXcore-node-modules-tasks tar://C:\Program Files (x86)\JXcore\node_modules\tasks
42 verbose lock tar://C:\Program Files (x86)\JXcore\node_modules\tasks C:\Users\emmanuel\AppData\Roaming\npm-cache\8cf02bde-es-x86-JXcore-node-modules-tasks.lock
43 silly lockFile 741b8102-pm-cache-tasks-0-0-3-package-tgz tar://C:\Users\emmanuel\AppData\Roaming\npm-cache\tasks\0.0.3\package.tgz
44 verbose lock tar://C:\Users\emmanuel\AppData\Roaming\npm-cache\tasks\0.0.3\package.tgz C:\Users\emmanuel\AppData\Roaming\npm-cache\741b8102-pm-cache-tasks-0-0-3-package-tgz.lock
45 silly gunzTarPerm modes [ '755', '644' ]
46 error Error: EPERM, mkdir 'C:\Program Files (x86)\JXcore\node_modules'
46 error  { [Error: EPERM, mkdir 'C:\Program Files (x86)\JXcore\node_modules']
46 error   errno: 50,
46 error   code: 'EPERM',
46 error   path: 'C:\\Program Files (x86)\\JXcore\\node_modules',
46 error   fstream_type: 'Directory',
46 error   fstream_path: 'C:\\Program Files (x86)\\JXcore\\node_modules\\tasks',
46 error   fstream_class: 'DirWriter',
46 error   fstream_stack:
46 error    [ 'C:\\Users\\emmanuel\\.jx\\npm\\node_modules\\fstream\\lib\\writer.js:171:23',
46 error      'C:\\Users\\emmanuel\\.jx\\npm\\node_modules\\mkdirp\\index.js:37:53',
46 error      'Object.oncomplete (fs.js:104:15)' ] }
47 error Please try running this command again as root/Administrator.
48 error System Windows_NT 6.2.9200
49 error command "C:\\Program Files (x86)\\JXcore\\bin\\node.exe" "C:\\Users\\emmanuel\\.jx\\npm" "install" "-g" "tasks"
50 error cwd C:\Users\emmanuel\Documents\GitHub\rockfall
51 error node -v v0.10.31
52 error npm -v 1.4.14
53 error path C:\Program Files (x86)\JXcore\node_modules
54 error fstream_path C:\Program Files (x86)\JXcore\node_modules\tasks
55 error fstream_type Directory
56 error fstream_class DirWriter
57 error code EPERM
58 error errno 50
59 error stack Error: EPERM, mkdir 'C:\Program Files (x86)\JXcore\node_modules'
60 error fstream_stack C:\Users\emmanuel\.jx\npm\node_modules\fstream\lib\writer.js:171:23
60 error fstream_stack C:\Users\emmanuel\.jx\npm\node_modules\mkdirp\index.js:37:53
60 error fstream_stack Object.oncomplete (fs.js:104:15)
61 verbose exit [ 50, true ]
